freeRDPCore/build/outputs/logs/manifest-merger-debug-report.txt
-- Merging decision tree log ---
manifest
ADDED from src\main\AndroidManifest.xml:2:1-104:12
INJECTED from src\main\AndroidManifest.xml:2:1-104:12
INJECTED from src\main\AndroidManifest.xml:2:1-104:12
INJECTED from src\main\AndroidManifest.xml:2:1-104:12
INJECTED from src\main\AndroidManifest.xml:2:1-104:12
INJECTED from src\main\AndroidManifest.xml:2:1-104:12
INJECTED from src\main\AndroidManifest.xml:2:1-104:12
	package
		ADDED from src\main\AndroidManifest.xml:3:5-38
		INJECTED from src\main\AndroidManifest.xml
		INJECTED from src\main\AndroidManifest.xml
	android:versionName
		INJECTED from src\main\AndroidManifest.xml
		ADDED from src\main\AndroidManifest.xml:2:1-104:12
		INJECTED from src\main\AndroidManifest.xml
	android:versionCode
		INJECTED from src\main\AndroidManifest.xml
		ADDED from src\main\AndroidManifest.xml:2:1-104:12
		INJECTED from src\main\AndroidManifest.xml
	xmlns:android
		ADDED from src\main\AndroidManifest.xml:2:11-69
	android:installLocation
		ADDED from src\main\AndroidManifest.xml:4:5-35
uses-permission#android.permission.INTERNET
ADDED from src\main\AndroidManifest.xml:6:5-67
	android:name
		ADDED from src\main\AndroidManifest.xml:6:22-64
uses-permission#android.permission.ACCESS_NETWORK_STATE
ADDED from src\main\AndroidManifest.xml:7:5-79
	android:name
		ADDED from src\main\AndroidManifest.xml:7:22-76
uses-permission#android.permission.READ_EXTERNAL_STORAGE
ADDED from src\main\AndroidManifest.xml:8:5-80
	android:name
		ADDED from src\main\AndroidManifest.xml:8:22-77
uses-permission#android.permission.WRITE_EXTERNAL_STORAGE
ADDED from src\main\AndroidManifest.xml:9:5-81
	android:name
		ADDED from src\main\AndroidManifest.xml:9:22-78
uses-permission#android.permission.MODIFY_AUDIO_SETTINGS
ADDED from src\main\AndroidManifest.xml:10:5-80
	android:name
		ADDED from src\main\AndroidManifest.xml:10:22-77
uses-permission#android.permission.RECORD_AUDIO
ADDED from src\main\AndroidManifest.xml:11:5-71
	android:name
		ADDED from src\main\AndroidManifest.xml:11:22-68
uses-permission#android.permission.ACCESS_WIFI_STATE
ADDED from src\main\AndroidManifest.xml:12:5-76
	android:name
		ADDED from src\main\AndroidManifest.xml:12:22-73
supports-screens
ADDED from src\main\AndroidManifest.xml:14:5-19:40
	android:largeScreens
		ADDED from src\main\AndroidManifest.xml:16:9-36
	android:smallScreens
		ADDED from src\main\AndroidManifest.xml:18:9-36
	android:normalScreens
		ADDED from src\main\AndroidManifest.xml:17:9-37
	android:xlargeScreens
		ADDED from src\main\AndroidManifest.xml:19:9-37
	android:anyDensity
		ADDED from src\main\AndroidManifest.xml:15:9-34
application
ADDED from src\main\AndroidManifest.xml:21:5-102:19
	android:resizeableActivity
		ADDED from src\main\AndroidManifest.xml:21:53-86
	android:theme
		ADDED from src\main\AndroidManifest.xml:21:18-51
meta-data#com.samsung.android.keepalive.density
ADDED from src\main\AndroidManifest.xml:22:9-95
	android:value
		ADDED from src\main\AndroidManifest.xml:22:73-93
	android:name
		ADDED from src\main\AndroidManifest.xml:22:20-72
activity#com.freerdp.freerdpcore.presentation.ShortcutsActivity
ADDED from src\main\AndroidManifest.xml:24:9-33:20
	android:label
		ADDED from src\main\AndroidManifest.xml:26:13-58
	android:theme
		ADDED from src\main\AndroidManifest.xml:27:13-46
	android:name
		ADDED from src\main\AndroidManifest.xml:25:13-59
intent-filter#action:name:android.intent.action.MAIN+category:name:android.intent.category.DEFAULT
ADDED from src\main\AndroidManifest.xml:28:13-32:29
action#android.intent.action.MAIN
ADDED from src\main\AndroidManifest.xml:29:17-69
	android:name
		ADDED from src\main\AndroidManifest.xml:29:25-66
category#android.intent.category.DEFAULT
ADDED from src\main\AndroidManifest.xml:31:17-76
	android:name
		ADDED from src\main\AndroidManifest.xml:31:27-73
activity-alias#com.freerdp.freerdpcore.presentation.CreateShortcuts
ADDED from src\main\AndroidManifest.xml:38:9-49:26
	android:label
		ADDED from src\main\AndroidManifest.xml:40:13-58
	android:targetActivity
		ADDED from src\main\AndroidManifest.xml:41:13-69
	android:name
		ADDED from src\main\AndroidManifest.xml:39:13-57
intent-filter#action:name:android.intent.action.CREATE_SHORTCUT+category:name:android.intent.category.DEFAULT
ADDED from src\main\AndroidManifest.xml:44:13-48:29
action#android.intent.action.CREATE_SHORTCUT
ADDED from src\main\AndroidManifest.xml:45:17-80
	android:name
		ADDED from src\main\AndroidManifest.xml:45:25-77
activity#com.freerdp.freerdpcore.presentation.BookmarkActivity
ADDED from src\main\AndroidManifest.xml:51:9-62:20
	android:label
		ADDED from src\main\AndroidManifest.xml:53:13-60
	android:theme
		ADDED from src\main\AndroidManifest.xml:54:13-50
	android:name
		ADDED from src\main\AndroidManifest.xml:52:13-58
intent-filter#action:name:freerdp.intent.action.BOOKMARK+category:name:android.intent.category.DEFAULT+data:scheme:preferences
ADDED from src\main\AndroidManifest.xml:55:13-61:29
action#freerdp.intent.action.BOOKMARK
ADDED from src\main\AndroidManifest.xml:56:17-73
	android:name
		ADDED from src\main\AndroidManifest.xml:56:25-70
data
ADDED from src\main\AndroidManifest.xml:60:17-54
	android:host
		ADDED from src\main\AndroidManifest.xml:81:21-37
	android:scheme
		ADDED from src\main\AndroidManifest.xml:60:23-51
activity#com.freerdp.freerdpcore.presentation.ApplicationSettingsActivity
ADDED from src\main\AndroidManifest.xml:63:9-67:57
	android:label
		ADDED from src\main\AndroidManifest.xml:65:13-63
	android:windowSoftInputMode
		ADDED from src\main\AndroidManifest.xml:67:13-54
	android:theme
		ADDED from src\main\AndroidManifest.xml:66:13-50
	android:name
		ADDED from src\main\AndroidManifest.xml:64:13-69
activity#com.freerdp.freerdpcore.presentation.SessionActivity
ADDED from src\main\AndroidManifest.xml:68:9-84:20
	android:windowSoftInputMode
		ADDED from src\main\AndroidManifest.xml:72:13-55
	android:configChanges
		ADDED from src\main\AndroidManifest.xml:71:13-114
	android:theme
		ADDED from src\main\AndroidManifest.xml:70:13-46
	android:name
		ADDED from src\main\AndroidManifest.xml:69:13-57
intent-filter#action:name:android.intent.action.VIEW+category:name:android.intent.category.BROWSABLE+category:name:android.intent.category.DEFAULT+data:host:*+data:scheme:freerdp
ADDED from src\main\AndroidManifest.xml:74:13-83:29
action#android.intent.action.VIEW
ADDED from src\main\AndroidManifest.xml:75:17-69
	android:name
		ADDED from src\main\AndroidManifest.xml:75:25-66
category#android.intent.category.BROWSABLE
ADDED from src\main\AndroidManifest.xml:78:17-78
	android:name
		ADDED from src\main\AndroidManifest.xml:78:27-75
activity#com.freerdp.freerdpcore.presentation.AboutActivity
ADDED from src\main\AndroidManifest.xml:85:9-88:49
	android:label
		ADDED from src\main\AndroidManifest.xml:87:13-48
	android:theme
		ADDED from src\main\AndroidManifest.xml:88:13-46
	android:name
		ADDED from src\main\AndroidManifest.xml:86:13-55
activity#com.freerdp.freerdpcore.presentation.HelpActivity
ADDED from src\main\AndroidManifest.xml:89:9-92:49
	android:label
		ADDED from src\main\AndroidManifest.xml:91:13-47
	android:theme
		ADDED from src\main\AndroidManifest.xml:92:13-46
	android:name
		ADDED from src\main\AndroidManifest.xml:90:13-54
receiver#com.freerdp.freerdpcore.application.NetworkStateReceiver
ADDED from src\main\AndroidManifest.xml:94:9-100:20
	android:enabled
		ADDED from src\main\AndroidManifest.xml:96:13-35
	android:name
		ADDED from src\main\AndroidManifest.xml:95:13-61
intent-filter#action:name:android.net.conn.CONNECTIVITY_CHANGE
ADDED from src\main\AndroidManifest.xml:97:13-99:29
action#android.net.conn.CONNECTIVITY_CHANGE
ADDED from src\main\AndroidManifest.xml:98:17-79
	android:name
		ADDED from src\main\AndroidManifest.xml:98:25-76
uses-sdk
INJECTED from src\main\AndroidManifest.xml reason: use-sdk injection requested
INJECTED from src\main\AndroidManifest.xml
INJECTED from src\main\AndroidManifest.xml
INJECTED from src\main\AndroidManifest.xml
INJECTED from src\main\AndroidManifest.xml
	android:targetSdkVersion
		INJECTED from src\main\AndroidManifest.xml
		ADDED from src\main\AndroidManifest.xml
		INJECTED from src\main\AndroidManifest.xml
	android:minSdkVersion
		INJECTED from src\main\AndroidManifest.xml
		ADDED from src\main\AndroidManifest.xml
		INJECTED from src\main\AndroidManifest.xml